this is madness
1.000
0.500
0.333
0.250
0.200
0.167
0.010
0.010
0.010
0.010
0.010
this is madness
2.000
1.000
0.667
0.500
0.400
0.333
0.021
0.021
0.020
0.020
0.020
this is madness
3.000
1.500
1.000
0.750
0.600
0.500
0.031
0.031
0.031
0.030
0.030
this is madness
4.000
2.000
1.333
1.000
0.800
0.667
0.042
0.041
0.041
0.040
0.040
this is madness
5.000
2.500
1.667
1.250
1.000
0.833
0.052
0.052
0.051
0.051
0.050
this is madness
6.000
3.000
2.000
1.500
1.200
1.000
0.062
0.061
0.061
0.060
this is madness
96.000
48.000
32.000
24.000
19.200
16.000
1.000
0.990
0.980
0.970
0.960
this is madness
97.000
48.500
32.333
24.250
19.400
16.167
1.010
1.000
0.990
0.980
0.970
this is madness
98.000
49.000
32.667
24.500
19.600
16.333
1.021
1.010
1.000
0.990
0.980
this is madness
99.000
49.500
33.000
24.750
19.800
16.500
1.031
1.021
1.010
1.000
0.990
this is madness
100.000
50.000
33.333
25.000
20.000
16.667
1.042
1.031
1.020
1.010
1.000
1.132
