36
12
4
3843
1584
5280
5632
4800
3318
4440
588
3720
2205
2100
3456
432
2275
4171
1540
4602
130
966
3515
5500
390
4002
3654
7719
1653
1456
8800
532
2924
3010
4272
1716
2432
7968
2430
9118
372
4074
5928
2812
2295
3772
2002
3024
5928
1876
8256
8832
4959
4884
3774
3198
4488
1219
5184
7392
4158
182
6720
320
6864
2200
5900
7395
3564
637
2100
7216
6952
3234
4785
3180
742
3120
2788
1480
1690
2068
2173
1568
3102
3285
6300
7081
6480
5180
462
4312
2552
5940
875
4600
6580
5005
748
5005
4656
5980
9506
1064
5168
2184
1218
1925
4032
5084
4118
1078
360
4290
6664
2516
7007
5200
4641
6700
1008
6762
3192
4526
6808
3159
7857
3245
3904
2697
1568
2240
4185
5096
1827
3445
4257
868
2520
1700
1107
3780
3735
3796
4700
3795
1440
3283
2720
2414
7990
6237
2392
2346
3822
2812
1287
4929
7800
920
8900
5760
5840
1472
2432
3339
4257
8352
957
2988
1769
3479
2784
3060
1584
483
760
3360
864
1334
7128
2040
7470
756
7238
930
4896
3240
6100
1617
4758
1425
3306
5488
1065
1577
2349
3124
2816
2343
4779
3904
8280
1080
2964
4891
2848
2106
6630
2205
3608
1776
3124
5248
3010
4743
5238
504
1015
873
3770
3796
3484
1512
4757
4128
4845
2080
7290
2016
1305
3900
2576
528
2296
4400
5035
4128
472
5124
1782
1564
826
3589
110
4368
2156
1232
294
5278
7488
7600
3780
7380
6392
5684
4655
5510
5546
1870
1968
5848
5046
810
3468
2380
620
2233
3024
2522
6314
9700
1406
5727
4275
6370
3198
6960
2183
2100
2550
935
9009
2914
5800
1224
738
8700
5846
5106
2144
2146
1064
1190
155
6440
9215
1334
6174
3864
3835
6216
720
3008
2975
1242
3654
2016
2145
8556
4332
258
4599
3364
4582
384
5037
1813
9207
588
408
8190
4380
3626
4158
2132
924
684
4450
1160
5022
2242
3784
3402
5032
1813
3036
5074
1015
5141
2166
1728
6364
3432
1288
3519
1173
6715
1080
1936
754
7546
2976
5112
2697
1760
3822
2772
7084
1736
4500
2375
4602
315
782
6308
7885
6984
2860
560
966
3185
3672
5278
2484
3410
5304
5642
3880
3936
3225
2380
2640
1482
8930
3520
2747
4875
2093
1798
3420
1281
4464
5002
3480
1248
2412
2162
6545
1380
1633
7081
4002
6880
6278
6120
1702
686
1914
2135
6885
1020
2196
4590
1596
2064
2709
1575
7656
2560
3752
1716
4370
2790
3901
5229
1764
3162
1540
900
5244
3025
3922
2535
4056
6480
684
7921
2700
1710
5600
7469
8280
7900
1664
900
1566
2960
4300
4620
8924
1350
4200
8544
2449
1100
5607
1976
3182
5293
7800
4510
2465
1952
3825
3344
742
1440
2700
3519
5015
7462
4324
5166
5920
4410
1272
3572
2538
2231
1368
2322
2064
2480
3570
2900
3360
3040
2580
2967
6075
520
480
6732
2622
748
4698
3036
2937
9016
1456
2494
350
2870
2400
598
230
3128
3700
4543
1200
3549
9212
6264
2528
1000
5568
4543
2900
3600
980
936
440
6438
2014
4896
2886
2660
3312
594
3621
1125
5394
3128
3364
4324
4785
3741
2295
1125
6880
760
4875
5624
2050
2628
6000
1519
2310
4560
1485
7546
5544
1037
1700
7440
5229
4620
918
2496
4508
1104
6786
684
4332
4466
476
2958
6320
1540
4956
5220
1100
5112
270
3038
4800
5041
4636
4575
1173
1976
6048
1302
4698
2760
4700
994
3800
2387
3560
392
2128
1734
8170
3060
3458
5148
3416
2805
5270
2244
1881
158
6800
7426
6853
3182
5307
5733
5005
7176
3600
3060
6076
1953
6958
1404
4761
3168
5586
8526
2562
1566
6700
1700
209
4347
3220
2295
49
3886
6789
2037
3700
1705
3128
1632
1350
3276
1848
540
1035
8160
8740
5264
3977
7954
4214
873
6984
5600
3822
5402
2923
2132
2304
8428
546
4004
1197
2352
2914
6512
5100
3000
6480
2262
1440
1440
6375
2881
4758
2726
3408
5544
620
360
1924
3096
2650
4500
658
4947
2187
3540
7176
1914
1890
2773
2376
6348
3588
4048
4982
1804
3465
4350
3040
1826
1575
2280
2310
2146
2294
4653
1848
4830
1105
4056
3655
4352
3074
486
445
3240
3267
570
2668
2688
1596
3055
7544
1974
3380
8190
4346
8544
1634
4485
4956
5390
2700
3010
1674
4560
1875
1332
2412
1776
1551
1960
2537
3534
1242
3465
3036
2928
4462
1034
4268
1720
2242
3127
1643
300
1150
1540
6732
3808
5166
4248
3120
2660
2784
858
2272
1620
3680
2058
5508
525
1924
5782
6708
2296
6650
2268
6142
3808
462
3072
1485
3626
2697
5307
9024
3500
5460
3168
1344
2550
7470
6006
4134
1113
754
1240
330
2303
2952
5400
3528
7644
3686
6072
2280
3948
7760
7081
4214
4970
1065
5508
2680
858
1178
5952
4032
4158
5335
2336
4800
1740
5265
7644
4042
4503
3492
5762
4234
6664
2706
1612
2538
1196
3268
3400
2867
3350
2256
576
3510
6633
4550
4233
6006
4410
187
3354
1008
6525
2025
4361
3869
5586
2193
224
2139
4131
1833
1221
3318
2664
2548
5520
3060
1058
3420
544
5695
4422
7626
400
3999
5978
1312
420
1782
1144
5664
4230
3618
3220
1900
960
6596
2772
6156
6351
2923
2916
6278
2730
920
9306
4845
3136
6630
2375
4956
4641
2673
408
4340
3003
2664
6561
4232
3871
2460
4480
6162
3880
2064
2268
2720
5609
7565
3870
3550
774
4743
3472
1628
6144
3300
6536
8277
5544
1598
5016
2470
6308
4623
3002
6402
5727
5200
2425
3520
620
1980
2806
3071
2522
1088
3038
5214
3050
192
2160
5428
217
3864
4355
7553
5130
7656
6734
3965
4320
1131
3510
4756
7392
777
7220
6391
2318
2550
5041
306
2688
4836
1404
1300
1176
1530
5175
1782
882
4785
5655
5994
6776
544
2024
5400
7360
1640
3500
2700
4582
5358
4779
6916
111
2244
5120
