3
2
1
120
139
337
107
423
29
61
164
428
46
158
431
532
125
1
804
14
29
64
8
145
77
539
127
56
114
62
875
172
283
9
74
170
731
231
22
547
369
366
4
18
180
586
249
401
62
370
14
134
66
572
380
135
22
176
105
282
156
691
176
290
23
87
195
219
290
355
380
71
186
344
98
21
99
8
151
725
247
453
557
110
230
352
114
31
41
858
493
139
78
120
230
133
123
397
29
87
430
13
531
406
321
540
235
820
45
179
80
95
185
10
727
592
141
788
84
466
113
94
264
207
45
570
83
188
197
70
307
96
183
467
418
260
639
59
38
448
172
73
133
50
896
165
183
98
775
670
97
468
2
49
167
109
312
60
414
174
11
212
246
96
374
257
601
184
813
669
230
24
660
226
271
83
86
95
179
387
78
44
715
192
67
163
338
157
6
11
230
257
144
306
207
569
110
756
261
204
102
23
27
191
37
500
33
250
31
114
756
180
162
48
10
242
35
135
132
127
80
190
99
25
93
306
29
36
347
699
45
4
405
182
540
153
136
14
129
126
16
145
337
12
17
291
254
211
146
392
342
29
234
44
119
19
65
45
369
236
628
59
170
154
75
45
269
554
531
292
324
30
595
629
262
142
92
68
360
86
287
435
890
229
286
419
262
239
61
84
785
460
639
195
480
316
259
57
440
26
10
51
360
159
5
365
173
153
32
392
207
1
159
493
5
23
204
32
30
26
4
141
406
243
23
864
381
687
369
131
137
746
413
56
88
107
51
223
130
85
616
180
920
78
161
32
12
87
255
76
715
19
14
31
23
19
237
3
21
330
293
20
184
57
41
120
91
53
75
248
252
505
8
53
122
228
679
386
562
32
520
132
198
323
173
83
42
74
34
29
32
142
44
14
22
206
445
488
280
104
159
10
326
124
27
459
17
90
220
3
281
53
79
722
55
30
378
717
14
181
12
5
101
1
55
34
313
69
77
233
124
31
181
256
133
45
183
31
435
183
417
233
319
553
34
48
417
14
405
299
294
49
279
384
4
298
213
88
74
585
163
3
527
312
492
88
26
254
40
24
227
572
417
4
352
99
128
73
151
530
400
612
185
87
154
89
101
568
19
95
300
12
30
163
530
286
199
118
447
1
285
129
40
336
336
161
959
53
211
176
852
484
219
20
12
366
265
174
7
830
282
858
343
354
513
29
85
114
207
30
126
24
37
143
127
638
103
762
166
316
234
41
537
11
4
111
43
207
297
315
200
357
15
158
935
288
16
142
183
230
52
47
62
24
261
266
240
426
21
77
43
477
13
914
152
870
4
34
218
11
474
385
1
799
420
13
476
395
464
32
21
162
426
282
262
9
585
142
16
559
433
222
692
393
272
247
673
21
37
15
78
234
712
32
231
281
81
353
126
332
82
217
135
12
121
289
645
224
246
16
65
355
271
406
67
86
121
63
452
316
564
72
138
208
273
10
823
84
137
168
70
47
789
553
388
74
796
27
94
248
822
168
356
67
486
314
19
167
139
47
424
125
561
678
573
245
174
91
40
814
45
85
188
372
570
27
298
265
194
204
119
1
573
338
88
46
130
182
91
240
474
341
101
59
544
124
171
332
28
3
342
294
45
152
637
8
95
572
542
218
46
118
442
765
306
608
30
99
532
26
158
21
33
409
133
359
55
429
326
39
26
77
440
396
40
92
13
100
12
181
68
31
34
114
750
274
88
161
24
199
5
17
68
6
46
5
134
370
635
98
16
155
99
331
315
636
282
191
222
628
618
571
411
150
43
349
615
5
32
135
5
20
208
542
186
48
501
8
855
53
157
103
4
36
220
698
59
453
363
39
111
380
90
622
295
630
30
129
127
140
502
489
99
79
635
202
295
214
63
325
14
875
467
7
685
479
16
306
109
28
413
589
26
441
58
28
48
536
766
131
69
337
58
134
531
168
149
351
88
124
37
88
2
262
10
206
121
182
172
129
730
2
116
44
218
618
225
294
37
11
255
128
65
378
5
385
165
19
107
46
282
3
749
368
86
180
403
173
132
424
272
92
73
605
1
1
14
304
360
370
42
92
67
360
867
423
411
402
788
5
358
28
264
130
106
85
12
167
869
437
240
7
1
376
114
17
159
540
12
16
394
263
535
37
151
3
722
142
14
7
234
60
65
322
540
65
424
22
96
710
159
240
89
159
604
57
97
311
3
445
66
425
55
90
339
222
136
4
284
347
17
50
301
31
238
294
160
25
81
11
262
113
149
91
441
19
377
513
305
113
411
163
25
