353101680
284563160
137851080
47375688
290873024
217002360
277922240
201327720
114939840
3038048
83229128
120802080
88755240
142253328
379899080
44049768
1022120
380913288
52229528
55130624
3352560
374461200
7502120
18844280
34798200
228886640
133888040
12981608
205205624
30019440
52085088
399960000
144168048
4414200
357701568
38950080
231678840
50822640
10883400
129026880
61889688
224130840
186240608
309372920
88378800
187991520
348979760
109181600
206985768
115885224
144793088
213656688
373687560
399880008
66928760
328153224
40870448
311063768
19316024
378185808
62015624
285305880
330548760
54302160
48818168
164224224
184040
281803368
325261224
366531024
99380960
246521400
12567024
353252024
53187848
46471488
281266440
195021224
18088008
129982800
79156608
44796248
365383224
87665768
191850200
32569848
1361888
105698960
161671224
240405024
11242608
132779528
140683320
24710840
255456288
68442528
98704224
2265024
73874024
188870048
132641288
295874400
209641440
201384480
56085120
40589640
227677920
133471808
70442448
279792528
336832608
177449040
399800024
39702600
179158224
52548000
137100680
6838224
174794840
4173848
118439688
363321720
77176224
116575208
204004088
56025224
63536840
120934008
25331088
104755224
2531280
181575624
246333024
302794800
350700528
39450960
56115080
140067224
22061808
361950624
1565000
33443088
5076008
14356520
143304840
78446448
57168720
82368
156125024
231360
39601848
222934760
334633848
45118088
198838200
347263224
357852888
5640624
36012000
195972000
220908768
109139808
93373568
275593200
206755640
236698224
315311048
257827248
211091840
376088448
117483920
240033048
193237800
8082648
246709848
13053768
43678880
21335160
140446200
100902024
354024
122213024
165662640
41589600
87403800
11964680
877968
6066368
371525624
6723648
247275624
114383024
8614224
102921024
14265728
4036080
230948808
3713328
6713280
15848360
106316720
186841560
395333688
199289688
240839360
2493240
136866600
61701024
345848408
179051160
201895680
4756760
276723224
8946080
360278360
46117680
108889224
326777928
19864848
140968128
30614088
86434208
16088120
5997600
53333808
2277080
18037008
954528
222337920
105001008
48958008
101465328
328660640
214183224
9066120
91565760
199007448
90687528
210975624
289986840
28955160
58201640
60295224
42758520
308388720
188046368
269714928
387971808
189145008
174108024
17547720
201270968
215590488
32410248
175165224
397882808
17581248
7414728
4224
19320
257249520
121800
104755224
7209224
10246400
372219848
674040
331494848
227315928
244703448
30305024
151413024
42393120
95480
100580840
55160328
125104224
150136008
239723288
173264568
145371248
253478240
310248
188980008
9114360
209757288
298702088
7678440
77563248
265224
292991688
305375624
31281648
43072968
21427640
299255400
31708160
44742720
27699168
173001408
181090848
197880488
289170024
32433024
85544000
394618224
194239968
8094024
308388720
168610224
2042040
275128568
71622368
24512400
114126488
514088
89283600
2217120
47018448
1896128
95785368
299047848
133010088
45144960
78765624
5470920
302586024
334926600
35724528
277122608
77492808
148718024
24910080
69205760
62583920
231435368
66145688
330985248
30969224
37908648
307756848
152794320
10297680
106646928
74321640
111492480
269386568
7295400
5294600
304118720
25280
92294448
204289848
142062560
208658024
274399224
41177888
393744648
53275400
350101520
254562024
57380624
34609688
97673688
8791224
195132960
342583080
212722224
5851560
41460720
43890624
278656248
15624
96884648
343397960
44930208
56836520
27071208
189200024
310993224
26142768
152349648
308458968
235960320
366914024
52142840
400688
304607208
9394224
4782968
119836808
38328480
15249024
49547520
230098560
314885024
128029224
234181808
309584024
134026928
102111024
108930968
110397048
558008
47348160
158835608
183196224
350850360
337493640
255584168
345327888
384199200
28847640
116920968
29975624
88943760
70980624
365001024
53129520
308599488
3996000
144744960
34492128
7524048
266505624
257506208
262926224
124255608
160452888
372683024
207907560
190964760
148376760
12299048
205893800
212838920
190909488
87291648
13446888
160706328
75220928
32729840
42941808
11162280
303351888
98386560
74218224
17447328
391921208
172633320
30835808
236882880
159997200
60326288
304677024
0
23902320
181683440
15280280
42315024
116186840
5103080
204461400
42837024
855624
60543960
0
327573800
66178224
667488
40360608
348830328
361646288
10608048
287743368
49154120
38775528
125731368
72369048
25150224
32638368
292786320
232410024
351600000
224790048
109683728
143113368
13549760
360658080
23980608
42758520
17015624
1243224
355586448
254625848
127893480
279190680
112126920
349652600
187279224
146143920
370678008
264810528
324540224
202806080
354079488
266962920
314388360
204061224
354606560
279123848
172475688
234120600
366377880
34023888
289034000
244453224
393347888
95550624
395890608
115498008
2653640
366024
20385224
71385600
2350088
241087728
86211224
54804408
15705368
2954960
180768024
14326224
150626528
198049328
52577000
82174224
350326088
246898368
208889208
81378440
388760088
124478648
37687320
286320240
61136760
469224
81703520
59182248
1030224
145853928
291009480
51423240
155176848
276191160
202920024
149646288
48
139169208
195300624
394856640
10093328
69139224
242767560
125552024
66308448
343991208
70543200
279926360
109558088
51222648
137710224
38353248
48066488
103774968
388365848
54243224
111281400
75637808
260080128
14799408
21003888
1177224
399720048
5861240
65076488
80694288
186240608
307967400
100781520
324468168
67617728
164531928
168350624
7317024
226773480
32959080
360506168
161061480
123232200
306075024
351750024
66438800
48066488
74218224
164942648
12327120
283619280
108972720
201554808
70073640
29669808
361200
27008808
5328
1585080
93412224
241584848
117137328
20448
127260960
80120400
244766024
227859024
186076880
366071688
90003168
264420120
258920280
157326848
14891880
138603528
189585360
397803024
67650624
205033760
28955160
343472088
26265624
363169248
24
284158448
51998520
298287440
9690768
252587448
191130624
10452288
204232680
28890624
357474648
40284408
93296280
146482608
82901024
214241768
246584208
93450888
1560000
5257848
130576328
200307408
60918024
2117024
296838440
256928840
63027720
36566208
202293728
14584760
84695208
89624088
8048568
71588520
305026224
35652840
167107328
12638024
396766560
79085448
34224
148181928
3948168
1117248
3515624
66536648
17497488
8590760
13039320
184226328
245831040
68707520
100380360
191351888
85766120
30591960
9728160
33674808
305165960
392872040
132549168
35916048
326055248
97278768
399640080
4076360
20241000
100488
138509360
310217768
97318224
318015888
336759200
278389224
132595224
67848168
2660160
309232224
129846024
134954688
64400624
148620480
49632024
660968
99022400
21242880
40309800
32760
327501408
266897568
354907920
2544024
10923024
51940848
46826648
319086768
266701560
334048728
40233648
332515224
160757040
83631024
70408880
296562840
302516448
9941408
26904968
28376928
30129120
236636688
333975624
267486024
166384200
246270248
150528360
60233120
350251224
223472600
104919048
34939920
292239024
95355224
348232920
4313928
81956808
54982224
59089968
4986288
142683024
149499528
136258928
168920
151757760
78552768
6890624
142396488
291828888
248157008
19936224
251634768
355737320
6215048
61669608
392951328
13890528
30680520
32936120
12383360
179908568
55696368
4835600
293676768
13564488
321735968
327863448
385376160
334780208
3876960
247842048
202635224
369600624
254370600
90269000
14707224
160250280
125059488
214651800
919680
172633320
201611600
377252928
197318208
6953768
196868960
1580048
247024088
172685880
92217608
57441240
8
5812920
160655624
17347224
519840
7789680
175536000
389865024
319372640
98942808
292649448
6395840
170955624
360962000
18309840
257185368
326705624
112550880
208311488
2550408
190968
19971960
244515768
56746088
235162224
2839224
21224448
7590024
130622040
12439728
238300968
242393760
37197800
22534008
6548480
139688760
25110120
224610168
57957768
7879248
126045528
335585760
7091568
63728288
182385024
20025624
8922168
230219928
39100008
380367008
64048008
17247408
11202408
377719224
21631800
366760800
3003288
350026680
16313520
229068224
310147320
324828528
84474480
230159240
284428224
19509888
69906320
29604480
289238048
262796520
173054024
198218240
48840
13140624
228342320
76685048
5716880
53919648
392317248
107184608
373842224
154032920
298909520
19333608
344807760
49014000
35485848
9828224
279257520
71149224
180338040
81884400
232349048
274266720
2601768
226472400
297942120
374616024
92102408
118265624
216001808
13373648
24472808
35652840
21464688
2380848
5414928
91450968
139310808
25070048
42680088
142301040
94887080
147646800
151216208
230584224
225690528
644808
330624
304677024
5938968
44102880
369216224
38576520
81739680
327718608
105740088
135512880
272811288
27510024
136539224
347412320
7634168
19280880
374151648
318301280
185150448
230705720
18740240
260596448
192238224
121066008
76615008
140398800
2537648
311628408
7403840
133379400
85063728
341917080
6734024
88078224
98545328
102961608
77070840
369062520
70107128
5202960
3892728
7241480
282273600
281467728
6446520
31911200
57836024
97968
1814408
39526368
272811288
14737920
188760120
324396120
20205024
149548440
214124688
21040568
38130624
187717400
190522808
50452608
383102328
335439224
20511840
249734808
138180024
42003360
4507128
20948928
372914720
235714608
55398248
32684088
293334128
13315200
44609040
134444024
41770368
62236320
243141648
391604520
120275088
221920608
220374024
378652680
119268240
62773928
26245128
251190800
3682560
167469480
